Fitter report for DSPJTAG
Wed Nov 30 21:58:46 2011
Quartus II Version 9.1 Build 222 10/21/2009 SJ Full Version


---------------------
; Table of Contents ;
---------------------
  1. Legal Notice
  2. Fitter Summary
  3. Fitter Settings
  4. Parallel Compilation
  5. Pin-Out File
  6. Fitter Resource Usage Summary
  7. Input Pins
  8. Output Pins
  9. Bidir Pins
 10. I/O Bank Usage
 11. All Package Pins
 12. Output Pin Default Load For Reported TCO
 13. Fitter Resource Utilization by Entity
 14. Delay Chain Summary
 15. Control Signals
 16. Global & Other Fast Signals
 17. Non-Global High Fan-Out Signals
 18. Interconnect Usage Summary
 19. LAB Logic Elements
 20. LAB-wide Signals
 21. LAB Signals Sourced
 22. LAB Signals Sourced Out
 23. LAB Distinct Inputs
 24. Fitter Device Options
 25. Estimated Delay Added for Hold Timing
 26. Fitter Messages
 27. Fitter Suppressed Messages



----------------
; Legal Notice ;
----------------
Copyright (C) 1991-2009 Altera Corporation
Your use of Altera Corporation's design tools, logic functions 
and other software and tools, and its AMPP partner logic 
functions, and any output files from any of the foregoing 
(including device programming or simulation files), and any 
associated documentation or information are expressly subject 
to the terms and conditions of the Altera Program License 
Subscription Agreement, Altera MegaCore Function License 
Agreement, or other applicable license agreement, including, 
without limitation, that your use is for the sole purpose of 
programming logic devices manufactured by Altera and sold by 
Altera or its authorized distributors.  Please refer to the 
applicable agreement for further details.



+------------------------------------------------------------------+
; Fitter Summary                                                   ;
+-----------------------+------------------------------------------+
; Fitter Status         ; Successful - Wed Nov 30 21:58:46 2011    ;
; Quartus II Version    ; 9.1 Build 222 10/21/2009 SJ Full Version ;
; Revision Name         ; DSPJTAG                                  ;
; Top-level Entity Name ; DSPJTAG                                  ;
; Family                ; MAX II                                   ;
; Device                ; EPM240T100C5                             ;
; Timing Models         ; Final                                    ;
; Total logic elements  ; 219 / 240 ( 91 % )                       ;
; Total pins            ; 24 / 80 ( 30 % )                         ;
; Total virtual pins    ; 0                                        ;
; UFM blocks            ; 0 / 1 ( 0 % )                            ;
+-----------------------+------------------------------------------+


+----------------------------------------------------------------------------------------------------------------------------------------------+
; Fitter Settings                                                                                                                              ;
+----------------------------------------------------------------------------+--------------------------------+--------------------------------+
; Option                                                                     ; Setting                        ; Default Value                  ;
+----------------------------------------------------------------------------+--------------------------------+--------------------------------+
; Device                                                                     ; EPM240T100C5                   ;                                ;
; Minimum Core Junction Temperature                                          ; 0                              ;                                ;
; Maximum Core Junction Temperature                                          ; 85                             ;                                ;
; Fit Attempts to Skip                                                       ; 0                              ; 0.0                            ;
; Device I/O Standard                                                        ; 3.3-V LVTTL                    ;                                ;
; Use smart compilation                                                      ; Off                            ; Off                            ;
; Enable parallel Assembler and TimeQuest Timing Analyzer during compilation ; On                             ; On                             ;
; Enable compact report table                                                ; Off                            ; Off                            ;
; Use TimeQuest Timing Analyzer                                              ; Off                            ; Off                            ;
; Router Timing Optimization Level                                           ; Normal                         ; Normal                         ;
; Placement Effort Multiplier                                                ; 1.0                            ; 1.0                            ;
; Router Effort Multiplier                                                   ; 1.0                            ; 1.0                            ;
; Always Enable Input Buffers                                                ; Off                            ; Off                            ;
; Optimize Hold Timing                                                       ; IO Paths and Minimum TPD Paths ; IO Paths and Minimum TPD Paths ;
; Optimize Multi-Corner Timing                                               ; Off                            ; Off                            ;
; Guarantee I/O Paths Have Zero Hold Time at Fast Corner                     ; On                             ; On                             ;
; PowerPlay Power Optimization                                               ; Normal compilation             ; Normal compilation             ;
; Optimize Timing                                                            ; Normal compilation             ; Normal compilation             ;
; Optimize Timing for ECOs                                                   ; Off                            ; Off                            ;
; Regenerate full fit report during ECO compiles                             ; Off                            ; Off                            ;
; Optimize IOC Register Placement for Timing                                 ; On                             ; On                             ;
; Limit to One Fitting Attempt                                               ; Off                            ; Off                            ;
; Final Placement Optimizations                                              ; Automatically                  ; Automatically                  ;
; Fitter Aggressive Routability Optimizations                                ; Automatically                  ; Automatically                  ;
; Fitter Initial Placement Seed                                              ; 1                              ; 1                              ;
; Slow Slew Rate                                                             ; Off                            ; Off                            ;
; PCI I/O                                                                    ; Off                            ; Off                            ;
; Weak Pull-Up Resistor                                                      ; Off                            ; Off                            ;
; Enable Bus-Hold Circuitry                                                  ; Off                            ; Off                            ;
; Auto Delay Chains                                                          ; On                             ; On                             ;
; Perform Physical Synthesis for Combinational Logic for Performance         ; Off                            ; Off                            ;
; Perform Register Duplication for Performance                               ; Off                            ; Off                            ;
; Perform Register Retiming for Performance                                  ; Off                            ; Off                            ;
; Perform Asynchronous Signal Pipelining                                     ; Off                            ; Off                            ;
; Fitter Effort                                                              ; Auto Fit                       ; Auto Fit                       ;
; Physical Synthesis Effort Level                                            ; Normal                         ; Normal                         ;
; Logic Cell Insertion - Logic Duplication                                   ; Auto                           ; Auto                           ;
; Auto Register Duplication                                                  ; Auto                           ; Auto                           ;
; Auto Global Clock                                                          ; On                             ; On                             ;
; Auto Global Register Control Signals                                       ; On                             ; On                             ;
; Stop After Congestion Map Generation                                       ; Off                            ; Off                            ;
; Save Intermediate Fitting Results                                          ; Off                            ; Off                            ;
; Force Fitter to Avoid Periphery Placement Warnings                         ; Off                            ; Off                            ;
; Use Best Effort Settings for Compilation                                   ; Off                            ; Off                            ;
+----------------------------------------------------------------------------+--------------------------------+--------------------------------+


+------------------------------------------+
; Parallel Compilation                     ;
+----------------------------+-------------+
; Processors                 ; Number      ;
+----------------------------+-------------+
; Number detected on machine ; 2           ;
; Maximum allowed            ; 2           ;
;                            ;             ;
; Average used               ; 2.00        ;
; Maximum used               ; 2           ;
;                            ;             ;
; Usage by Processor         ; % Time Used ;
;     1-2 processors         ; 100.0%      ;
+----------------------------+-------------+


+--------------+
; Pin-Out File ;
+--------------+
The pin-out file can be found in D:/altera/91/quartus/TIMENET/DSPJTAG/DSPJTAG.pin.


+------------------------------------------------------------------+
; Fitter Resource Usage Summary                                    ;
+---------------------------------------------+--------------------+
; Resource                                    ; Usage              ;
+---------------------------------------------+--------------------+
; Total logic elements                        ; 219 / 240 ( 91 % ) ;
;     -- Combinational with no register       ; 149                ;
;     -- Register only                        ; 10                 ;
;     -- Combinational with a register        ; 60                 ;
;                                             ;                    ;
; Logic element usage by number of LUT inputs ;                    ;
;     -- 4 input functions                    ; 99                 ;
;     -- 3 input functions                    ; 47                 ;
;     -- 2 input functions                    ; 53                 ;
;     -- 1 input functions                    ; 9                  ;
;     -- 0 input functions                    ; 1                  ;
;                                             ;                    ;
; Logic elements by mode                      ;                    ;
;     -- normal mode                          ; 162                ;
;     -- arithmetic mode                      ; 57                 ;
;     -- qfbk mode                            ; 1                  ;
;     -- register cascade mode                ; 0                  ;
;     -- synchronous clear/load mode          ; 24                 ;
;     -- asynchronous clear/load mode         ; 0                  ;
;                                             ;                    ;
; Total registers                             ; 70 / 240 ( 29 % )  ;
; Total LABs                                  ; 24 / 24 ( 100 % )  ;
; Logic elements in carry chains              ; 64                 ;
; User inserted logic elements                ; 0                  ;
; Virtual pins                                ; 0                  ;
; I/O pins                                    ; 24 / 80 ( 30 % )   ;
;     -- Clock pins                           ; 1 / 4 ( 25 % )     ;
; Global signals                              ; 1                  ;
; UFM blocks                                  ; 0 / 1 ( 0 % )      ;
; Global clocks                               ; 1 / 4 ( 25 % )     ;
; JTAGs                                       ; 0 / 1 ( 0 % )      ;
; Average interconnect usage (total/H/V)      ; 28% / 30% / 26%    ;
; Peak interconnect usage (total/H/V)         ; 28% / 30% / 26%    ;
; Maximum fan-out node                        ; CLK_12M            ;
; Maximum fan-out                             ; 70                 ;
; Highest non-global fan-out signal           ; WORD_ADDR[5]       ;
; Highest non-global fan-out                  ; 23                 ;
; Total fan-out                               ; 843                ;
; Average fan-out                             ; 3.47               ;
+---------------------------------------------+--------------------+


+-----------------------------------------------------------------------------------------------------------------------------------------------------------------------------------------------------------------+
; Input Pins                                                                                                                                                                                                      ;
+----------+-------+----------+--------------+--------------+-------------+-----------------------+--------------------+--------+-----------------+----------+--------------+--------------+----------------------+
; Name     ; Pin # ; I/O Bank ; X coordinate ; Y coordinate ; Cell number ; Combinational Fan-Out ; Registered Fan-Out ; Global ; PCI I/O Enabled ; Bus Hold ; Weak Pull Up ; I/O Standard ; Location assigned by ;
+----------+-------+----------+--------------+--------------+-------------+-----------------------+--------------------+--------+-----------------+----------+--------------+--------------+----------------------+
; CLK_12M  ; 12    ; 1        ; 1            ; 3            ; 3           ; 70                    ; 0                  ; yes    ; no              ; no       ; Off          ; 3.3-V LVTTL  ; User                 ;
; EXT_TCK  ; 34    ; 1        ; 3            ; 0            ; 1           ; 1                     ; 0                  ; no     ; no              ; no       ; Off          ; 3.3-V LVTTL  ; User                 ;
; EXT_TDI  ; 27    ; 1        ; 2            ; 0            ; 2           ; 1                     ; 0                  ; no     ; no              ; no       ; Off          ; 3.3-V LVTTL  ; User                 ;
; EXT_TMS  ; 36    ; 1        ; 4            ; 0            ; 2           ; 1                     ; 0                  ; no     ; no              ; no       ; Off          ; 3.3-V LVTTL  ; User                 ;
; EXT_TRST ; 37    ; 1        ; 4            ; 0            ; 1           ; 1                     ; 0                  ; no     ; no              ; no       ; Off          ; 3.3-V LVTTL  ; User                 ;
; F1_TDO   ; 82    ; 2        ; 6            ; 5            ; 1           ; 1                     ; 0                  ; no     ; no              ; no       ; Off          ; 3.3-V LVTTL  ; User                 ;
+----------+-------+----------+--------------+--------------+-------------+-----------------------+--------------------+--------+-----------------+----------+--------------+--------------+----------------------+


+---------------------------------------------------------------------------------------------------------------------------------------------------------------------------------------------------------------------------------------------------------------------------------------------------------------------------------+
; Output Pins                                                                                                                                                                                                                                                                                                                     ;
+---------------+-------+----------+--------------+--------------+-------------+-----------------+----------------+-----------------+------------+---------------+----------+--------------+--------------+------------------+------------------------+----------------------+-------+----------------------+---------------------+
; Name          ; Pin # ; I/O Bank ; X coordinate ; Y coordinate ; Cell number ; Output Register ; Slow Slew Rate ; PCI I/O Enabled ; Open Drain ; TRI Primitive ; Bus Hold ; Weak Pull Up ; I/O Standard ; Current Strength ; Fast Output Connection ; Location assigned by ; Load  ; Output Enable Source ; Output Enable Group ;
+---------------+-------+----------+--------------+--------------+-------------+-----------------+----------------+-----------------+------------+---------------+----------+--------------+--------------+------------------+------------------------+----------------------+-------+----------------------+---------------------+
; EN_CPU_CORE   ; 48    ; 1        ; 6            ; 0            ; 0           ; no              ; no             ; no              ; no         ; no            ; no       ; Off          ; 3.3-V LVTTL  ; 16mA             ; no                     ; User                 ; 10 pF ; -                    ; -                   ;
; EN_DVDD_1V1   ; 47    ; 1        ; 6            ; 0            ; 1           ; no              ; no             ; no              ; no         ; no            ; no       ; Off          ; 3.3-V LVTTL  ; 16mA             ; no                     ; User                 ; 10 pF ; -                    ; -                   ;
; EN_DVDD_1V8   ; 49    ; 1        ; 7            ; 0            ; 2           ; no              ; no             ; no              ; no         ; no            ; no       ; Off          ; 3.3-V LVTTL  ; 16mA             ; no                     ; User                 ; 10 pF ; -                    ; -                   ;
; EXT_TDO       ; 35    ; 1        ; 3            ; 0            ; 0           ; no              ; no             ; no              ; no         ; no            ; no       ; Off          ; 3.3-V LVTTL  ; 16mA             ; no                     ; User                 ; 10 pF ; -                    ; -                   ;
; F1_PORz       ; 66    ; 2        ; 8            ; 3            ; 3           ; no              ; no             ; no              ; no         ; no            ; no       ; Off          ; 3.3-V LVTTL  ; 16mA             ; no                     ; User                 ; 10 pF ; -                    ; -                   ;
; F1_TCK        ; 78    ; 2        ; 7            ; 5            ; 3           ; no              ; no             ; no              ; no         ; no            ; no       ; Off          ; 3.3-V LVTTL  ; 16mA             ; no                     ; User                 ; 10 pF ; -                    ; -                   ;
; F1_TDI        ; 81    ; 2        ; 6            ; 5            ; 0           ; no              ; no             ; no              ; no         ; no            ; no       ; Off          ; 3.3-V LVTTL  ; 16mA             ; no                     ; User                 ; 10 pF ; -                    ; -                   ;
; F1_TMS        ; 83    ; 2        ; 6            ; 5            ; 2           ; no              ; no             ; no              ; no         ; no            ; no       ; Off          ; 3.3-V LVTTL  ; 16mA             ; no                     ; User                 ; 10 pF ; -                    ; -                   ;
; F1_TRST       ; 96    ; 2        ; 3            ; 5            ; 2           ; no              ; no             ; no              ; no         ; no            ; no       ; Off          ; 3.3-V LVTTL  ; 16mA             ; no                     ; User                 ; 10 pF ; -                    ; -                   ;
; F1_XWRSTz     ; 61    ; 2        ; 8            ; 2            ; 1           ; no              ; no             ; no              ; no         ; no            ; no       ; Off          ; 3.3-V LVTTL  ; 16mA             ; no                     ; User                 ; 10 pF ; -                    ; -                   ;
; SCLK_CDCE906  ; 30    ; 1        ; 3            ; 0            ; 3           ; no              ; no             ; no              ; no         ; yes           ; no       ; Off          ; 3.3-V LVTTL  ; 16mA             ; no                     ; User                 ; 10 pF ; -                    ; -                   ;
; SCLK_CDCL6010 ; 89    ; 2        ; 4            ; 5            ; 0           ; no              ; no             ; no              ; no         ; yes           ; no       ; Off          ; 3.3-V LVTTL  ; 16mA             ; no                     ; User                 ; 10 pF ; -                    ; -                   ;
+---------------+-------+----------+--------------+--------------+-------------+-----------------+----------------+-----------------+------------+---------------+----------+--------------+--------------+------------------+------------------------+----------------------+-------+----------------------+---------------------+


+------------------------------------------------------------------------------------------------------------------------------------------------------------------------------------------------------------------------------------------------------------------------------------------------------------------------------------------------------------------------+
; Bidir Pins                                                                                                                                                                                                                                                                                                                                                             ;
+----------------+-------+----------+--------------+--------------+-------------+-----------------------+--------------------+--------+-----------------+----------------+-----------------+------------+----------+--------------+--------------+------------------+------------------------+----------------------+-------+----------------------+---------------------+
; Name           ; Pin # ; I/O Bank ; X coordinate ; Y coordinate ; Cell number ; Combinational Fan-Out ; Registered Fan-Out ; Global ; Output Register ; Slow Slew Rate ; PCI I/O Enabled ; Open Drain ; Bus Hold ; Weak Pull Up ; I/O Standard ; Current Strength ; Fast Output Connection ; Location assigned by ; Load  ; Output Enable Source ; Output Enable Group ;
+----------------+-------+----------+--------------+--------------+-------------+-----------------------+--------------------+--------+-----------------+----------------+-----------------+------------+----------+--------------+--------------+------------------+------------------------+----------------------+-------+----------------------+---------------------+
; EXT_EMU0       ; 38    ; 1        ; 4            ; 0            ; 0           ; 0                     ; 0                  ; no     ; no              ; no             ; no              ; no         ; no       ; Off          ; 3.3-V LVTTL  ; 16mA             ; no                     ; User                 ; 10 pF ; -                    ; -                   ;
; EXT_EMU1       ; 39    ; 1        ; 5            ; 0            ; 3           ; 0                     ; 0                  ; no     ; no              ; no             ; no              ; no         ; no       ; Off          ; 3.3-V LVTTL  ; 16mA             ; yes                    ; User                 ; 10 pF ; -                    ; -                   ;
; F1_EMU0        ; 84    ; 2        ; 6            ; 5            ; 3           ; 1                     ; 0                  ; no     ; no              ; no             ; no              ; yes        ; no       ; Off          ; 3.3-V LVTTL  ; 16mA             ; no                     ; User                 ; 10 pF ; -                    ; -                   ;
; F1_EMU1        ; 58    ; 2        ; 8            ; 2            ; 2           ; 1                     ; 0                  ; no     ; no              ; no             ; no              ; yes        ; no       ; Off          ; 3.3-V LVTTL  ; 16mA             ; no                     ; User                 ; 10 pF ; -                    ; -                   ;
; SDATA_CDCE906  ; 33    ; 1        ; 3            ; 0            ; 2           ; 1                     ; 0                  ; no     ; no              ; no             ; no              ; yes        ; no       ; Off          ; 3.3-V LVTTL  ; 16mA             ; no                     ; User                 ; 10 pF ; SDATA_CDCE906~en     ; -                   ;
; SDATA_CDCL6010 ; 90    ; 2        ; 4            ; 5            ; 1           ; 1                     ; 0                  ; no     ; no              ; no             ; no              ; yes        ; no       ; Off          ; 3.3-V LVTTL  ; 16mA             ; no                     ; User                 ; 10 pF ; SDATA_CDCL6010~en    ; -                   ;
+----------------+-------+----------+--------------+--------------+-------------+-----------------------+--------------------+--------+-----------------+----------------+-----------------+------------+----------+--------------+--------------+------------------+------------------------+----------------------+-------+----------------------+---------------------+


+------------------------------------------------------------+
; I/O Bank Usage                                             ;
+----------+------------------+---------------+--------------+
; I/O Bank ; Usage            ; VCCIO Voltage ; VREF Voltage ;
+----------+------------------+---------------+--------------+
; 1        ; 13 / 38 ( 34 % ) ; 3.3V          ; --           ;
; 2        ; 11 / 42 ( 26 % ) ; 3.3V          ; --           ;
+----------+------------------+---------------+--------------+


+------------------------------------------------------------------------------------------------------------------------------------------------+
; All Package Pins                                                                                                                               ;
+----------+------------+----------+----------------+--------+--------------+-----------+------------+-----------------+----------+--------------+
; Location ; Pad Number ; I/O Bank ; Pin Name/Usage ; Dir.   ; I/O Standard ; Voltage   ; I/O Type   ; User Assignment ; Bus Hold ; Weak Pull Up ;
+----------+------------+----------+----------------+--------+--------------+-----------+------------+-----------------+----------+--------------+
; 1        ; 83         ; 2        ; RESERVED_INPUT ;        ;              ;           ; Column I/O ;                 ; no       ; Off          ;
; 2        ; 0          ; 1        ; RESERVED_INPUT ;        ;              ;           ; Row I/O    ;                 ; no       ; Off          ;
; 3        ; 1          ; 1        ; RESERVED_INPUT ;        ;              ;           ; Row I/O    ;                 ; no       ; Off          ;
; 4        ; 2          ; 1        ; RESERVED_INPUT ;        ;              ;           ; Row I/O    ;                 ; no       ; Off          ;
; 5        ; 3          ; 1        ; RESERVED_INPUT ;        ;              ;           ; Row I/O    ;                 ; no       ; Off          ;
; 6        ; 4          ; 1        ; RESERVED_INPUT ;        ;              ;           ; Row I/O    ;                 ; no       ; Off          ;
; 7        ; 5          ; 1        ; RESERVED_INPUT ;        ;              ;           ; Row I/O    ;                 ; no       ; Off          ;
; 8        ; 6          ; 1        ; RESERVED_INPUT ;        ;              ;           ; Row I/O    ;                 ; no       ; Off          ;
; 9        ;            ; 1        ; VCCIO1         ; power  ;              ; 3.3V      ; --         ;                 ; --       ; --           ;
; 10       ;            ;          ; GNDIO          ; gnd    ;              ;           ; --         ;                 ; --       ; --           ;
; 11       ;            ;          ; GNDINT         ; gnd    ;              ;           ; --         ;                 ; --       ; --           ;
; 12       ; 7          ; 1        ; CLK_12M        ; input  ; 3.3-V LVTTL  ;           ; Row I/O    ; Y               ; no       ; Off          ;
; 13       ;            ;          ; VCCINT         ; power  ;              ; 2.5V/3.3V ; --         ;                 ; --       ; --           ;
; 14       ; 8          ; 1        ; RESERVED_INPUT ;        ;              ;           ; Row I/O    ;                 ; no       ; Off          ;
; 15       ; 9          ; 1        ; RESERVED_INPUT ;        ;              ;           ; Row I/O    ;                 ; no       ; Off          ;
; 16       ; 10         ; 1        ; RESERVED_INPUT ;        ;              ;           ; Row I/O    ;                 ; no       ; Off          ;
; 17       ; 11         ; 1        ; RESERVED_INPUT ;        ;              ;           ; Row I/O    ;                 ; no       ; Off          ;
; 18       ; 12         ; 1        ; RESERVED_INPUT ;        ;              ;           ; Row I/O    ;                 ; no       ; Off          ;
; 19       ; 13         ; 1        ; RESERVED_INPUT ;        ;              ;           ; Row I/O    ;                 ; no       ; Off          ;
; 20       ; 14         ; 1        ; RESERVED_INPUT ;        ;              ;           ; Row I/O    ;                 ; no       ; Off          ;
; 21       ; 15         ; 1        ; RESERVED_INPUT ;        ;              ;           ; Row I/O    ;                 ; no       ; Off          ;
; 22       ; 16         ; 1        ; #TMS           ; input  ;              ;           ; --         ;                 ; --       ; --           ;
; 23       ; 17         ; 1        ; #TDI           ; input  ;              ;           ; --         ;                 ; --       ; --           ;
; 24       ; 18         ; 1        ; #TCK           ; input  ;              ;           ; --         ;                 ; --       ; --           ;
; 25       ; 19         ; 1        ; #TDO           ; output ;              ;           ; --         ;                 ; --       ; --           ;
; 26       ; 20         ; 1        ; RESERVED_INPUT ;        ;              ;           ; Column I/O ;                 ; no       ; Off          ;
; 27       ; 21         ; 1        ; EXT_TDI        ; input  ; 3.3-V LVTTL  ;           ; Column I/O ; Y               ; no       ; Off          ;
; 28       ; 22         ; 1        ; RESERVED_INPUT ;        ;              ;           ; Column I/O ;                 ; no       ; Off          ;
; 29       ; 23         ; 1        ; RESERVED_INPUT ;        ;              ;           ; Column I/O ;                 ; no       ; Off          ;
; 30       ; 24         ; 1        ; SCLK_CDCE906   ; output ; 3.3-V LVTTL  ;           ; Column I/O ; Y               ; no       ; Off          ;
; 31       ;            ; 1        ; VCCIO1         ; power  ;              ; 3.3V      ; --         ;                 ; --       ; --           ;
; 32       ;            ;          ; GNDIO          ; gnd    ;              ;           ; --         ;                 ; --       ; --           ;
; 33       ; 25         ; 1        ; SDATA_CDCE906  ; bidir  ; 3.3-V LVTTL  ;           ; Column I/O ; Y               ; no       ; Off          ;
; 34       ; 26         ; 1        ; EXT_TCK        ; input  ; 3.3-V LVTTL  ;           ; Column I/O ; Y               ; no       ; Off          ;
; 35       ; 27         ; 1        ; EXT_TDO        ; output ; 3.3-V LVTTL  ;           ; Column I/O ; Y               ; no       ; Off          ;
; 36       ; 28         ; 1        ; EXT_TMS        ; input  ; 3.3-V LVTTL  ;           ; Column I/O ; Y               ; no       ; Off          ;
; 37       ; 29         ; 1        ; EXT_TRST       ; input  ; 3.3-V LVTTL  ;           ; Column I/O ; Y               ; no       ; Off          ;
; 38       ; 30         ; 1        ; EXT_EMU0       ; bidir  ; 3.3-V LVTTL  ;           ; Column I/O ; Y               ; no       ; Off          ;
; 39       ; 31         ; 1        ; EXT_EMU1       ; bidir  ; 3.3-V LVTTL  ;           ; Column I/O ; Y               ; no       ; Off          ;
; 40       ; 32         ; 1        ; RESERVED_INPUT ;        ;              ;           ; Column I/O ;                 ; no       ; Off          ;
; 41       ; 33         ; 1        ; RESERVED_INPUT ;        ;              ;           ; Column I/O ;                 ; no       ; Off          ;
; 42       ; 34         ; 1        ; RESERVED_INPUT ;        ;              ;           ; Column I/O ;                 ; no       ; Off          ;
; 43       ; 35         ; 1        ; RESERVED_INPUT ;        ;              ;           ; Column I/O ;                 ; no       ; Off          ;
; 44       ; 36         ; 1        ; RESERVED_INPUT ;        ;              ;           ; Column I/O ;                 ; no       ; Off          ;
; 45       ;            ; 1        ; VCCIO1         ; power  ;              ; 3.3V      ; --         ;                 ; --       ; --           ;
; 46       ;            ;          ; GNDIO          ; gnd    ;              ;           ; --         ;                 ; --       ; --           ;
; 47       ; 37         ; 1        ; EN_DVDD_1V1    ; output ; 3.3-V LVTTL  ;           ; Column I/O ; Y               ; no       ; Off          ;
; 48       ; 38         ; 1        ; EN_CPU_CORE    ; output ; 3.3-V LVTTL  ;           ; Column I/O ; Y               ; no       ; Off          ;
; 49       ; 39         ; 1        ; EN_DVDD_1V8    ; output ; 3.3-V LVTTL  ;           ; Column I/O ; Y               ; no       ; Off          ;
; 50       ; 40         ; 1        ; RESERVED_INPUT ;        ;              ;           ; Column I/O ;                 ; no       ; Off          ;
; 51       ; 41         ; 1        ; RESERVED_INPUT ;        ;              ;           ; Column I/O ;                 ; no       ; Off          ;
; 52       ; 42         ; 2        ; RESERVED_INPUT ;        ;              ;           ; Row I/O    ;                 ; no       ; Off          ;
; 53       ; 43         ; 2        ; RESERVED_INPUT ;        ;              ;           ; Row I/O    ;                 ; no       ; Off          ;
; 54       ; 44         ; 2        ; RESERVED_INPUT ;        ;              ;           ; Row I/O    ;                 ; no       ; Off          ;
; 55       ; 45         ; 2        ; RESERVED_INPUT ;        ;              ;           ; Row I/O    ;                 ; no       ; Off          ;
; 56       ; 46         ; 2        ; RESERVED_INPUT ;        ;              ;           ; Row I/O    ;                 ; no       ; Off          ;
; 57       ; 47         ; 2        ; RESERVED_INPUT ;        ;              ;           ; Row I/O    ;                 ; no       ; Off          ;
; 58       ; 48         ; 2        ; F1_EMU1        ; bidir  ; 3.3-V LVTTL  ;           ; Row I/O    ; Y               ; no       ; Off          ;
; 59       ;            ; 2        ; VCCIO2         ; power  ;              ; 3.3V      ; --         ;                 ; --       ; --           ;
; 60       ;            ;          ; GNDIO          ; gnd    ;              ;           ; --         ;                 ; --       ; --           ;
; 61       ; 49         ; 2        ; F1_XWRSTz      ; output ; 3.3-V LVTTL  ;           ; Row I/O    ; Y               ; no       ; Off          ;
; 62       ; 50         ; 2        ; RESERVED_INPUT ;        ;              ;           ; Row I/O    ;                 ; no       ; Off          ;
; 63       ;            ;          ; VCCINT         ; power  ;              ; 2.5V/3.3V ; --         ;                 ; --       ; --           ;
; 64       ; 51         ; 2        ; RESERVED_INPUT ;        ;              ;           ; Row I/O    ;                 ; no       ; Off          ;
; 65       ;            ;          ; GNDINT         ; gnd    ;              ;           ; --         ;                 ; --       ; --           ;
; 66       ; 52         ; 2        ; F1_PORz        ; output ; 3.3-V LVTTL  ;           ; Row I/O    ; Y               ; no       ; Off          ;
; 67       ; 53         ; 2        ; RESERVED_INPUT ;        ;              ;           ; Row I/O    ;                 ; no       ; Off          ;
; 68       ; 54         ; 2        ; RESERVED_INPUT ;        ;              ;           ; Row I/O    ;                 ; no       ; Off          ;
; 69       ; 55         ; 2        ; RESERVED_INPUT ;        ;              ;           ; Row I/O    ;                 ; no       ; Off          ;
; 70       ; 56         ; 2        ; RESERVED_INPUT ;        ;              ;           ; Row I/O    ;                 ; no       ; Off          ;
; 71       ; 57         ; 2        ; RESERVED_INPUT ;        ;              ;           ; Row I/O    ;                 ; no       ; Off          ;
; 72       ; 58         ; 2        ; RESERVED_INPUT ;        ;              ;           ; Row I/O    ;                 ; no       ; Off          ;
; 73       ; 59         ; 2        ; RESERVED_INPUT ;        ;              ;           ; Row I/O    ;                 ; no       ; Off          ;
; 74       ; 60         ; 2        ; RESERVED_INPUT ;        ;              ;           ; Row I/O    ;                 ; no       ; Off          ;
; 75       ; 61         ; 2        ; RESERVED_INPUT ;        ;              ;           ; Column I/O ;                 ; no       ; Off          ;
; 76       ; 62         ; 2        ; RESERVED_INPUT ;        ;              ;           ; Column I/O ;                 ; no       ; Off          ;
; 77       ; 63         ; 2        ; RESERVED_INPUT ;        ;              ;           ; Column I/O ;                 ; no       ; Off          ;
; 78       ; 64         ; 2        ; F1_TCK         ; output ; 3.3-V LVTTL  ;           ; Column I/O ; Y               ; no       ; Off          ;
; 79       ;            ;          ; GNDIO          ; gnd    ;              ;           ; --         ;                 ; --       ; --           ;
; 80       ;            ; 2        ; VCCIO2         ; power  ;              ; 3.3V      ; --         ;                 ; --       ; --           ;
; 81       ; 65         ; 2        ; F1_TDI         ; output ; 3.3-V LVTTL  ;           ; Column I/O ; Y               ; no       ; Off          ;
; 82       ; 66         ; 2        ; F1_TDO         ; input  ; 3.3-V LVTTL  ;           ; Column I/O ; Y               ; no       ; Off          ;
; 83       ; 67         ; 2        ; F1_TMS         ; output ; 3.3-V LVTTL  ;           ; Column I/O ; Y               ; no       ; Off          ;
; 84       ; 68         ; 2        ; F1_EMU0        ; bidir  ; 3.3-V LVTTL  ;           ; Column I/O ; Y               ; no       ; Off          ;
; 85       ; 69         ; 2        ; RESERVED_INPUT ;        ;              ;           ; Column I/O ;                 ; no       ; Off          ;
; 86       ; 70         ; 2        ; RESERVED_INPUT ;        ;              ;           ; Column I/O ;                 ; no       ; Off          ;
; 87       ; 71         ; 2        ; RESERVED_INPUT ;        ;              ;           ; Column I/O ;                 ; no       ; Off          ;
; 88       ; 72         ; 2        ; RESERVED_INPUT ;        ;              ;           ; Column I/O ;                 ; no       ; Off          ;
; 89       ; 73         ; 2        ; SCLK_CDCL6010  ; output ; 3.3-V LVTTL  ;           ; Column I/O ; Y               ; no       ; Off          ;
; 90       ; 74         ; 2        ; SDATA_CDCL6010 ; bidir  ; 3.3-V LVTTL  ;           ; Column I/O ; Y               ; no       ; Off          ;
; 91       ; 75         ; 2        ; RESERVED_INPUT ;        ;              ;           ; Column I/O ;                 ; no       ; Off          ;
; 92       ; 76         ; 2        ; RESERVED_INPUT ;        ;              ;           ; Column I/O ;                 ; no       ; Off          ;
; 93       ;            ;          ; GNDIO          ; gnd    ;              ;           ; --         ;                 ; --       ; --           ;
; 94       ;            ; 2        ; VCCIO2         ; power  ;              ; 3.3V      ; --         ;                 ; --       ; --           ;
; 95       ; 77         ; 2        ; RESERVED_INPUT ;        ;              ;           ; Column I/O ;                 ; no       ; Off          ;
; 96       ; 78         ; 2        ; F1_TRST        ; output ; 3.3-V LVTTL  ;           ; Column I/O ; Y               ; no       ; Off          ;
; 97       ; 79         ; 2        ; RESERVED_INPUT ;        ;              ;           ; Column I/O ;                 ; no       ; Off          ;
; 98       ; 80         ; 2        ; RESERVED_INPUT ;        ;              ;           ; Column I/O ;                 ; no       ; Off          ;
; 99       ; 81         ; 2        ; RESERVED_INPUT ;        ;              ;           ; Column I/O ;                 ; no       ; Off          ;
; 100      ; 82         ; 2        ; RESERVED_INPUT ;        ;              ;           ; Column I/O ;                 ; no       ; Off          ;
+----------+------------+----------+----------------+--------+--------------+-----------+------------+-----------------+----------+--------------+
Note: Pin directions (input, output or bidir) are based on device operating in user mode.


+-------------------------------------------------------------+
; Output Pin Default Load For Reported TCO                    ;
+----------------------------+-------+------------------------+
; I/O Standard               ; Load  ; Termination Resistance ;
+----------------------------+-------+------------------------+
; 3.3-V LVTTL                ; 10 pF ; Not Available          ;
; 3.3-V LVCMOS               ; 10 pF ; Not Available          ;
; 2.5 V                      ; 10 pF ; Not Available          ;
; 1.8 V                      ; 10 pF ; Not Available          ;
; 1.5 V                      ; 10 pF ; Not Available          ;
; 3.3V Schmitt Trigger Input ; 10 pF ; Not Available          ;
; 2.5V Schmitt Trigger Input ; 10 pF ; Not Available          ;
+----------------------------+-------+------------------------+
Note: User assignments will override these defaults. The user specified values are listed in the Output Pins and Bidir Pins tables.


+---------------------------------------------------------------------------------------------------------------------------------------------------------------------------------------------------------------------------------------------+
; Fitter Resource Utilization by Entity                                                                                                                                                                                                       ;
+----------------------------+-------------+--------------+------------+------+--------------+--------------+-------------------+------------------+-----------------+------------+--------------------------------------------+--------------+
; Compilation Hierarchy Node ; Logic Cells ; LC Registers ; UFM Blocks ; Pins ; Virtual Pins ; LUT-Only LCs ; Register-Only LCs ; LUT/Register LCs ; Carry Chain LCs ; Packed LCs ; Full Hierarchy Name                        ; Library Name ;
+----------------------------+-------------+--------------+------------+------+--------------+--------------+-------------------+------------------+-----------------+------------+--------------------------------------------+--------------+
; |DSPJTAG                   ; 219 (210)   ; 70           ; 0          ; 24   ; 0            ; 149 (140)    ; 10 (10)           ; 60 (60)          ; 64 (64)         ; 1 (1)      ; |DSPJTAG                                   ; work         ;
;    |lpm_mult:Mult0|        ; 9 (0)       ; 0            ; 0          ; 0    ; 0            ; 9 (0)        ; 0 (0)             ; 0 (0)            ; 0 (0)           ; 0 (0)      ; |DSPJTAG|lpm_mult:Mult0                    ; work         ;
;       |multcore:mult_core| ; 9 (9)       ; 0            ; 0          ; 0    ; 0            ; 9 (9)        ; 0 (0)             ; 0 (0)            ; 0 (0)           ; 0 (0)      ; |DSPJTAG|lpm_mult:Mult0|multcore:mult_core ; work         ;
+----------------------------+-------------+--------------+------------+------+--------------+--------------+-------------------+------------------+-----------------+------------+--------------------------------------------+--------------+
Note: For table entries with two numbers listed, the numbers in parentheses indicate the number of resources of the given type used by the specific entity alone. The numbers listed outside of parentheses indicate the total resources of the given type used by the specific entity and all of its sub-entities in the hierarchy.


+-------------------------------------------+
; Delay Chain Summary                       ;
+----------------+----------+---------------+
; Name           ; Pin Type ; Pad to Core 0 ;
+----------------+----------+---------------+
; CLK_12M        ; Input    ; (0)           ;
; F1_TDO         ; Input    ; (0)           ;
; EXT_TMS        ; Input    ; (0)           ;
; EXT_TRST       ; Input    ; (0)           ;
; EXT_TDI        ; Input    ; (0)           ;
; EXT_TCK        ; Input    ; (0)           ;
; EN_DVDD_1V8    ; Output   ; --            ;
; EN_DVDD_1V1    ; Output   ; --            ;
; EN_CPU_CORE    ; Output   ; --            ;
; F1_XWRSTz      ; Output   ; --            ;
; F1_PORz        ; Output   ; --            ;
; SCLK_CDCE906   ; Output   ; --            ;
; SCLK_CDCL6010  ; Output   ; --            ;
; EXT_TDO        ; Output   ; --            ;
; F1_TMS         ; Output   ; --            ;
; F1_TRST        ; Output   ; --            ;
; F1_TDI         ; Output   ; --            ;
; F1_TCK         ; Output   ; --            ;
; SDATA_CDCE906  ; Bidir    ; (0)           ;
; SDATA_CDCL6010 ; Bidir    ; (0)           ;
; EXT_EMU0       ; Bidir    ; (0)           ;
; EXT_EMU1       ; Bidir    ; (0)           ;
; F1_EMU0        ; Bidir    ; (0)           ;
; F1_EMU1        ; Bidir    ; (0)           ;
+----------------+----------+---------------+


+-----------------------------------------------------------------------------------------------------------------------+
; Control Signals                                                                                                       ;
+------------------+-------------+---------+-------------------------+--------+----------------------+------------------+
; Name             ; Location    ; Fan-Out ; Usage                   ; Global ; Global Resource Used ; Global Line Name ;
+------------------+-------------+---------+-------------------------+--------+----------------------+------------------+
; CLK_12M          ; PIN_12      ; 70      ; Clock                   ; yes    ; Global Clock         ; GCLK0            ;
; COUNTER[11]~24   ; LC_X4_Y1_N4 ; 17      ; Clock enable            ; no     ; --                   ; --               ;
; EXT_TDO~2        ; LC_X3_Y2_N3 ; 7       ; Clock enable            ; no     ; --                   ; --               ;
; LessThan0~4      ; LC_X4_Y3_N7 ; 22      ; Sync. load              ; no     ; --                   ; --               ;
; RESET            ; LC_X4_Y1_N5 ; 20      ; Sync. clear, Sync. load ; no     ; --                   ; --               ;
; SCLK_CDCE906~1   ; LC_X3_Y4_N8 ; 3       ; Clock enable            ; no     ; --                   ; --               ;
; SCLK_CDCE906~en  ; LC_X3_Y4_N0 ; 1       ; Output enable           ; no     ; --                   ; --               ;
; SCLK_CDCL6010~en ; LC_X3_Y4_N5 ; 1       ; Output enable           ; no     ; --                   ; --               ;
; WORD_ADDR[0]~12  ; LC_X4_Y1_N2 ; 6       ; Clock enable            ; no     ; --                   ; --               ;
; no_more_bits~3   ; LC_X7_Y4_N9 ; 5       ; Clock enable            ; no     ; --                   ; --               ;
; process_3~7      ; LC_X5_Y4_N3 ; 7       ; Clock enable            ; no     ; --                   ; --               ;
+------------------+-------------+---------+-------------------------+--------+----------------------+------------------+


+------------------------------------------------------------------------+
; Global & Other Fast Signals                                            ;
+---------+----------+---------+----------------------+------------------+
; Name    ; Location ; Fan-Out ; Global Resource Used ; Global Line Name ;
+---------+----------+---------+----------------------+------------------+
; CLK_12M ; PIN_12   ; 70      ; Global Clock         ; GCLK0            ;
+---------+----------+---------+----------------------+------------------+


+-----------------------------------+
; Non-Global High Fan-Out Signals   ;
+-------------------------+---------+
; Name                    ; Fan-Out ;
+-------------------------+---------+
; WORD_ADDR[5]            ; 23      ;
; LessThan0~4             ; 22      ;
; WORD_ADDR[2]            ; 21      ;
; RESET                   ; 21      ;
; WORD_ADDR[0]            ; 20      ;
; WORD_ADDR[4]            ; 19      ;
; WORD_ADDR[1]            ; 17      ;
; WORD_ADDR[3]            ; 17      ;
; COUNTER[11]~24          ; 17      ;
; COUNTER[11]             ; 13      ;
; kickoff_num_CDCL6010~0  ; 12      ;
; STATE[0]                ; 12      ;
; COUNTER[9]              ; 11      ;
; COUNTER[10]             ; 11      ;
; COUNTER[6]              ; 11      ;
; kickoff_num_CDCL6010[1] ; 10      ;
; STATE[2]                ; 10      ;
; STATE[1]                ; 10      ;
; SMBUS_EN                ; 10      ;
; COUNTER[8]              ; 10      ;
; COUNTER[7]              ; 10      ;
; COUNTER[5]              ; 10      ;
; kickoff_num_CDCL6010[2] ; 9       ;
; BIT_POS[1]              ; 9       ;
; COUNTER[4]              ; 9       ;
; COUNTER[3]              ; 9       ;
; BIT_POS[0]              ; 8       ;
; COUNTER[2]              ; 8       ;
; ~GND                    ; 7       ;
; kickoff                 ; 7       ;
; process_3~7             ; 7       ;
; COUNTER[1]              ; 7       ;
; EXT_TDO~2               ; 7       ;
; WORD_ADDR[0]~12         ; 6       ;
; LessThan3~55            ; 5       ;
; LessThan4~32            ; 5       ;
; Add3~27                 ; 5       ;
; LessThan3~32            ; 5       ;
; no_more_bits~3          ; 5       ;
; BIT_POS[3]              ; 5       ;
; BIT_POS[2]              ; 5       ;
; LessThan0~3             ; 5       ;
; COUNTER[0]~21           ; 5       ;
; COUNTER[0]              ; 5       ;
; COUNTER[5]~1            ; 5       ;
; BIT_POS~2               ; 4       ;
; process_1~2             ; 4       ;
; SDATA_LOGIC             ; 4       ;
; SCLK_LOGIC~0            ; 4       ;
; Equal0~1                ; 4       ;
+-------------------------+---------+


+-------------------------------------------------+
; Interconnect Usage Summary                      ;
+----------------------------+--------------------+
; Interconnect Resource Type ; Usage              ;
+----------------------------+--------------------+
; C4s                        ; 160 / 784 ( 20 % ) ;
; Direct links               ; 35 / 888 ( 4 % )   ;
; Global clocks              ; 1 / 4 ( 25 % )     ;
; LAB clocks                 ; 6 / 32 ( 19 % )    ;
; LUT chains                 ; 8 / 216 ( 4 % )    ;
; Local interconnects        ; 268 / 888 ( 30 % ) ;
; R4s                        ; 172 / 704 ( 24 % ) ;
+----------------------------+--------------------+


+---------------------------------------------------------------------------+
; LAB Logic Elements                                                        ;
+--------------------------------------------+------------------------------+
; Number of Logic Elements  (Average = 9.13) ; Number of LABs  (Total = 24) ;
+--------------------------------------------+------------------------------+
; 1                                          ; 0                            ;
; 2                                          ; 0                            ;
; 3                                          ; 1                            ;
; 4                                          ; 0                            ;
; 5                                          ; 1                            ;
; 6                                          ; 0                            ;
; 7                                          ; 3                            ;
; 8                                          ; 0                            ;
; 9                                          ; 0                            ;
; 10                                         ; 19                           ;
+--------------------------------------------+------------------------------+


+-------------------------------------------------------------------+
; LAB-wide Signals                                                  ;
+------------------------------------+------------------------------+
; LAB-wide Signals  (Average = 1.29) ; Number of LABs  (Total = 24) ;
+------------------------------------+------------------------------+
; 1 Clock                            ; 19                           ;
; 1 Clock enable                     ; 7                            ;
; 1 Sync. clear                      ; 3                            ;
; 1 Sync. load                       ; 2                            ;
+------------------------------------+------------------------------+


+----------------------------------------------------------------------------+
; LAB Signals Sourced                                                        ;
+---------------------------------------------+------------------------------+
; Number of Signals Sourced  (Average = 8.42) ; Number of LABs  (Total = 24) ;
+---------------------------------------------+------------------------------+
; 0                                           ; 0                            ;
; 1                                           ; 0                            ;
; 2                                           ; 0                            ;
; 3                                           ; 1                            ;
; 4                                           ; 1                            ;
; 5                                           ; 2                            ;
; 6                                           ; 2                            ;
; 7                                           ; 2                            ;
; 8                                           ; 1                            ;
; 9                                           ; 2                            ;
; 10                                          ; 10                           ;
; 11                                          ; 3                            ;
+---------------------------------------------+------------------------------+


+--------------------------------------------------------------------------------+
; LAB Signals Sourced Out                                                        ;
+-------------------------------------------------+------------------------------+
; Number of Signals Sourced Out  (Average = 5.38) ; Number of LABs  (Total = 24) ;
+-------------------------------------------------+------------------------------+
; 0                                               ; 0                            ;
; 1                                               ; 0                            ;
; 2                                               ; 2                            ;
; 3                                               ; 5                            ;
; 4                                               ; 3                            ;
; 5                                               ; 4                            ;
; 6                                               ; 3                            ;
; 7                                               ; 2                            ;
; 8                                               ; 0                            ;
; 9                                               ; 4                            ;
; 10                                              ; 1                            ;
+-------------------------------------------------+------------------------------+


+-----------------------------------------------------------------------------+
; LAB Distinct Inputs                                                         ;
+----------------------------------------------+------------------------------+
; Number of Distinct Inputs  (Average = 10.17) ; Number of LABs  (Total = 24) ;
+----------------------------------------------+------------------------------+
; 0                                            ; 0                            ;
; 1                                            ; 0                            ;
; 2                                            ; 0                            ;
; 3                                            ; 0                            ;
; 4                                            ; 1                            ;
; 5                                            ; 5                            ;
; 6                                            ; 1                            ;
; 7                                            ; 2                            ;
; 8                                            ; 4                            ;
; 9                                            ; 3                            ;
; 10                                           ; 0                            ;
; 11                                           ; 0                            ;
; 12                                           ; 0                            ;
; 13                                           ; 1                            ;
; 14                                           ; 1                            ;
; 15                                           ; 1                            ;
; 16                                           ; 1                            ;
; 17                                           ; 0                            ;
; 18                                           ; 1                            ;
; 19                                           ; 1                            ;
; 20                                           ; 1                            ;
; 21                                           ; 1                            ;
+----------------------------------------------+------------------------------+


+--------------------------------------------------------------------+
; Fitter Device Options                                              ;
+----------------------------------------------+---------------------+
; Option                                       ; Setting             ;
+----------------------------------------------+---------------------+
; Enable user-supplied start-up clock (CLKUSR) ; Off                 ;
; Enable device-wide reset (DEV_CLRn)          ; Off                 ;
; Enable device-wide output enable (DEV_OE)    ; Off                 ;
; Enable INIT_DONE output                      ; Off                 ;
; Configuration scheme                         ; Passive Serial      ;
; Reserve all unused pins                      ; As input tri-stated ;
; Base pin-out file on sameframe device        ; Off                 ;
+----------------------------------------------+---------------------+


+------------------------------------------------------------+
; Estimated Delay Added for Hold Timing                      ;
+-----------------+----------------------+-------------------+
; Source Clock(s) ; Destination Clock(s) ; Delay Added in ns ;
+-----------------+----------------------+-------------------+


+-----------------+
; Fitter Messages ;
+-----------------+
Info: *******************************************************************
Info: Running Quartus II Fitter
    Info: Version 9.1 Build 222 10/21/2009 SJ Full Version
    Info: Processing started: Wed Nov 30 21:58:44 2011
Info: Command: quartus_fit --read_settings_files=off --write_settings_files=off DSPJTAG -c DSPJTAG
Info: Parallel compilation is enabled and will use 2 of the 2 processors detected
Info: Selected device EPM240T100C5 for design "DSPJTAG"
Info: Low junction temperature is 0 degrees C
Info: High junction temperature is 85 degrees C
Info: Fitter is performing an Auto Fit compilation, which may decrease Fitter effort to reduce compilation time
Info: Device migration not selected. If you intend to use device migration later, you may need to change the pin assignments as they may be incompatible with other devices
    Info: Device EPM240T100I5 is compatible
    Info: Device EPM240T100A5 is compatible
    Info: Device EPM570T100C5 is compatible
    Info: Device EPM570T100I5 is compatible
    Info: Device EPM570T100A5 is compatible
Info: Timing-driven compilation is using the Classic Timing Analyzer
Info: Timing requirements not specified -- optimizing circuit to achieve the following default global requirements
    Info: Assuming a global fmax requirement of 1000 MHz
    Info: Assuming a global tsu requirement of 2.0 ns
    Info: Assuming a global tco requirement of 1.0 ns
    Info: Assuming a global tpd requirement of 1.0 ns
Info: Completed User Assigned Global Signals Promotion Operation
Info: Automatically promoted signal "CLK_12M" to use Global clock in PIN 12
Info: Completed Auto Global Promotion Operation
Info: Starting register packing
Info: Fitter is using Normal packing mode for logic elements with Auto setting for Auto Packed Registers logic option
Info: Started processing fast register assignments
Info: Finished processing fast register assignments
Info: Finished register packing
Info: Fitter preparation operations ending: elapsed time is 00:00:00
Info: Fitter placement preparation operations beginning
Info: Fitter placement preparation operations ending: elapsed time is 00:00:00
Info: Fitter placement operations beginning
Info: Fitter placement was successful
Info: Fitter placement operations ending: elapsed time is 00:00:00
Info: Estimated most critical path is register to register delay of 24.064 ns
    Info: 1: + IC(0.000 ns) + CELL(0.000 ns) = 0.000 ns; Loc. = LAB_X6_Y3; Fanout = 14; REG Node = 'COUNTER[7]'
    Info: 2: + IC(2.291 ns) + CELL(0.740 ns) = 3.031 ns; Loc. = LAB_X4_Y2; Fanout = 2; COMB Node = 'LessThan0~0'
    Info: 3: + IC(1.763 ns) + CELL(0.511 ns) = 5.305 ns; Loc. = LAB_X4_Y3; Fanout = 22; COMB Node = 'LessThan0~4'
    Info: 4: + IC(2.074 ns) + CELL(0.200 ns) = 7.579 ns; Loc. = LAB_X5_Y2; Fanout = 5; COMB Node = 'lpm_mult:Mult0|multcore:mult_core|romout[0][4]~3'
    Info: 5: + IC(2.445 ns) + CELL(0.978 ns) = 11.002 ns; Loc. = LAB_X3_Y3; Fanout = 2; COMB Node = 'Add3~37'
    Info: 6: + IC(0.000 ns) + CELL(0.123 ns) = 11.125 ns; Loc. = LAB_X3_Y3; Fanout = 2; COMB Node = 'Add3~32'
    Info: 7: + IC(0.000 ns) + CELL(0.399 ns) = 11.524 ns; Loc. = LAB_X3_Y3; Fanout = 5; COMB Node = 'Add3~27'
    Info: 8: + IC(0.000 ns) + CELL(1.234 ns) = 12.758 ns; Loc. = LAB_X3_Y3; Fanout = 2; COMB Node = 'Add3~20'
    Info: 9: + IC(2.625 ns) + CELL(0.747 ns) = 16.130 ns; Loc. = LAB_X7_Y2; Fanout = 1; COMB Node = 'LessThan4~22'
    Info: 10: + IC(0.000 ns) + CELL(0.123 ns) = 16.253 ns; Loc. = LAB_X7_Y2; Fanout = 1; COMB Node = 'LessThan4~17'
    Info: 11: + IC(0.000 ns) + CELL(0.123 ns) = 16.376 ns; Loc. = LAB_X7_Y2; Fanout = 1; COMB Node = 'LessThan4~12'
    Info: 12: + IC(0.000 ns) + CELL(0.399 ns) = 16.775 ns; Loc. = LAB_X7_Y2; Fanout = 1; COMB Node = 'LessThan4~7'
    Info: 13: + IC(0.000 ns) + CELL(1.234 ns) = 18.009 ns; Loc. = LAB_X7_Y2; Fanout = 4; COMB Node = 'LessThan4~0'
    Info: 14: + IC(0.440 ns) + CELL(0.740 ns) = 19.189 ns; Loc. = LAB_X7_Y2; Fanout = 3; COMB Node = 'Add4~0'
    Info: 15: + IC(2.077 ns) + CELL(0.200 ns) = 21.466 ns; Loc. = LAB_X7_Y1; Fanout = 1; COMB Node = 'kickoff_num_CDCL6010~2'
    Info: 16: + IC(1.537 ns) + CELL(1.061 ns) = 24.064 ns; Loc. = LAB_X7_Y2; Fanout = 9; REG Node = 'kickoff_num_CDCL6010[2]'
    Info: Total cell delay = 8.812 ns ( 36.62 % )
    Info: Total interconnect delay = 15.252 ns ( 63.38 % )
Info: Fitter routing operations beginning
Info: Average interconnect usage is 24% of the available device resources
    Info: Peak interconnect usage is 24% of the available device resources in the region that extends from location X0_Y0 to location X8_Y5
Info: Fitter routing operations ending: elapsed time is 00:00:00
Info: The Fitter performed an Auto Fit compilation.  Optimizations were skipped to reduce compilation time.
    Info: Optimizations that may affect the design's routability were skipped
    Info: Optimizations that may affect the design's timing were skipped
Warning: Following 4 pins have no output enable or a GND or VCC output enable - later changes to this connectivity may change fitting results
    Info: Pin EXT_EMU0 has a permanently enabled output enable
    Info: Pin EXT_EMU1 has a permanently enabled output enable
    Info: Pin F1_EMU0 has a permanently disabled output enable
    Info: Pin F1_EMU1 has a permanently disabled output enable
Info: Generated suppressed messages file D:/altera/91/quartus/TIMENET/DSPJTAG/DSPJTAG.fit.smsg
Info: Quartus II Fitter was successful. 0 errors, 1 warning
    Info: Peak virtual memory: 187 megabytes
    Info: Processing ended: Wed Nov 30 21:58:46 2011
    Info: Elapsed time: 00:00:02
    Info: Total CPU time (on all processors): 00:00:02


+----------------------------+
; Fitter Suppressed Messages ;
+----------------------------+
The suppressed messages can be found in D:/altera/91/quartus/TIMENET/DSPJTAG/DSPJTAG.fit.smsg.


