
****************************************
DBDOCTOR of drawing C:/Documents and Settings/Administrator/桌面/db9/db9/DB9FS.dra
****************************************

Regenerating DRC
  0 original DRC errors replaced by
  0 current DRC errors.

0 warnings, 0 errors detected, 0 errors  fixed.

Saved drawing C:/Documents and Settings/Administrator/桌面/00000/DB9.dra.

****************************************
DBDOCTOR of drawing C:/Documents and Settings/Administrator/桌面/db9/db9/pad75cir43d.pad
****************************************

0 warnings, 0 errors detected, 0 errors  fixed.

Saved drawing C:/Documents and Settings/Administrator/桌面/00000/pad75cir43d.pad.

****************************************
DBDOCTOR of drawing C:/Documents and Settings/Administrator/桌面/db9/db9/pad75squ43d.pad
****************************************

0 warnings, 0 errors detected, 0 errors  fixed.

Saved drawing C:/Documents and Settings/Administrator/桌面/00000/pad75squ43d.pad.

****************************************
DBDOCTOR of drawing C:/Documents and Settings/Administrator/桌面/db9/db9/pad130cir170d.pad
****************************************

0 warnings, 0 errors detected, 0 errors  fixed.

Saved drawing C:/Documents and Settings/Administrator/桌面/00000/pad130cir170d.pad.
